Determining if the pthread_create exist failed with the following output:
Change Dir: /home/pergunta/Desktop/PEI/humans/build/CMakeFiles/CMakeTmp

Run Build Command:"/usr/bin/make" "cmTC_f3718/fast"
/usr/bin/make -f CMakeFiles/cmTC_f3718.dir/build.make CMakeFiles/cmTC_f3718.dir/build
make[1]: Entering directory '/home/pergunta/Desktop/PEI/humans/build/CMakeFiles/CMakeTmp'
Building C object CMakeFiles/cmTC_f3718.dir/CheckSymbolExists.c.o
/usr/bin/cc    -o CMakeFiles/cmTC_f3718.dir/CheckSymbolExists.c.o   -c /home/pergunta/Desktop/PEI/humans/build/CMakeFiles/CMakeTmp/CheckSymbolExists.c
Linking C executable cmTC_f3718
/usr/bin/cmake -E cmake_link_script CMakeFiles/cmTC_f3718.dir/link.txt --verbose=1
/usr/bin/cc      -rdynamic CMakeFiles/cmTC_f3718.dir/CheckSymbolExists.c.o  -o cmTC_f3718 
CMakeFiles/cmTC_f3718.dir/CheckSymbolExists.c.o: In function `main':
CheckSymbolExists.c:(.text+0x1b): undefined reference to `pthread_create'
collect2: error: ld returned 1 exit status
CMakeFiles/cmTC_f3718.dir/build.make:97: recipe for target 'cmTC_f3718' failed
make[1]: *** [cmTC_f3718] Error 1
make[1]: Leaving directory '/home/pergunta/Desktop/PEI/humans/build/CMakeFiles/CMakeTmp'
Makefile:126: recipe for target 'cmTC_f3718/fast' failed
make: *** [cmTC_f3718/fast] Error 2

File /home/pergunta/Desktop/PEI/humans/build/CMakeFiles/CMakeTmp/CheckSymbolExists.c:
/* */
#include <pthread.h>

int main(int argc, char** argv)
{
  (void)argv;
#ifndef pthread_create
  return ((int*)(&pthread_create))[argc];
#else
  (void)argc;
  return 0;
#endif
}

Determining if the function pthread_create exists in the pthreads failed with the following output:
Change Dir: /home/pergunta/Desktop/PEI/humans/build/CMakeFiles/CMakeTmp

Run Build Command:"/usr/bin/make" "cmTC_d52a2/fast"
/usr/bin/make -f CMakeFiles/cmTC_d52a2.dir/build.make CMakeFiles/cmTC_d52a2.dir/build
make[1]: Entering directory '/home/pergunta/Desktop/PEI/humans/build/CMakeFiles/CMakeTmp'
Building C object CMakeFiles/cmTC_d52a2.dir/CheckFunctionExists.c.o
/usr/bin/cc   -DCHECK_FUNCTION_EXISTS=pthread_create   -o CMakeFiles/cmTC_d52a2.dir/CheckFunctionExists.c.o   -c /usr/share/cmake-3.10/Modules/CheckFunctionExists.c
Linking C executable cmTC_d52a2
/usr/bin/cmake -E cmake_link_script CMakeFiles/cmTC_d52a2.dir/link.txt --verbose=1
/usr/bin/cc  -DCHECK_FUNCTION_EXISTS=pthread_create    -rdynamic CMakeFiles/cmTC_d52a2.dir/CheckFunctionExists.c.o  -o cmTC_d52a2 -lpthreads 
/usr/bin/ld: cannot find -lpthreads
collect2: error: ld returned 1 exit status
CMakeFiles/cmTC_d52a2.dir/build.make:97: recipe for target 'cmTC_d52a2' failed
make[1]: *** [cmTC_d52a2] Error 1
make[1]: Leaving directory '/home/pergunta/Desktop/PEI/humans/build/CMakeFiles/CMakeTmp'
Makefile:126: recipe for target 'cmTC_d52a2/fast' failed
make: *** [cmTC_d52a2/fast] Error 2


Determining if the Q_WS_WIN exist failed with the following output:
Change Dir: /home/pergunta/Desktop/PEI/humans/build/CMakeFiles/CMakeTmp

Run Build Command:"/usr/bin/make" "cmTC_0efce/fast"
/usr/bin/make -f CMakeFiles/cmTC_0efce.dir/build.make CMakeFiles/cmTC_0efce.dir/build
make[1]: Entering directory '/home/pergunta/Desktop/PEI/humans/build/CMakeFiles/CMakeTmp'
Building CXX object CMakeFiles/cmTC_0efce.dir/CheckSymbolExists.cxx.o
/usr/bin/c++   -I/usr/include/qt4   -o CMakeFiles/cmTC_0efce.dir/CheckSymbolExists.cxx.o -c /home/pergunta/Desktop/PEI/humans/build/CMakeFiles/CMakeTmp/CheckSymbolExists.cxx
/home/pergunta/Desktop/PEI/humans/build/CMakeFiles/CMakeTmp/CheckSymbolExists.cxx: In function ‘int main(int, char**)’:
/home/pergunta/Desktop/PEI/humans/build/CMakeFiles/CMakeTmp/CheckSymbolExists.cxx:8:19: error: ‘Q_WS_WIN’ was not declared in this scope
   return ((int*)(&Q_WS_WIN))[argc];
                   ^~~~~~~~
/home/pergunta/Desktop/PEI/humans/build/CMakeFiles/CMakeTmp/CheckSymbolExists.cxx:8:19: note: suggested alternative: ‘Q_WS_X11’
   return ((int*)(&Q_WS_WIN))[argc];
                   ^~~~~~~~
                   Q_WS_X11
CMakeFiles/cmTC_0efce.dir/build.make:65: recipe for target 'CMakeFiles/cmTC_0efce.dir/CheckSymbolExists.cxx.o' failed
make[1]: *** [CMakeFiles/cmTC_0efce.dir/CheckSymbolExists.cxx.o] Error 1
make[1]: Leaving directory '/home/pergunta/Desktop/PEI/humans/build/CMakeFiles/CMakeTmp'
Makefile:126: recipe for target 'cmTC_0efce/fast' failed
make: *** [cmTC_0efce/fast] Error 2

File /home/pergunta/Desktop/PEI/humans/build/CMakeFiles/CMakeTmp/CheckSymbolExists.cxx:
/* */
#include <QtCore/qglobal.h>

int main(int argc, char** argv)
{
  (void)argv;
#ifndef Q_WS_WIN
  return ((int*)(&Q_WS_WIN))[argc];
#else
  (void)argc;
  return 0;
#endif
}

Determining if the Q_WS_QWS exist failed with the following output:
Change Dir: /home/pergunta/Desktop/PEI/humans/build/CMakeFiles/CMakeTmp

Run Build Command:"/usr/bin/make" "cmTC_f4639/fast"
/usr/bin/make -f CMakeFiles/cmTC_f4639.dir/build.make CMakeFiles/cmTC_f4639.dir/build
make[1]: Entering directory '/home/pergunta/Desktop/PEI/humans/build/CMakeFiles/CMakeTmp'
Building CXX object CMakeFiles/cmTC_f4639.dir/CheckSymbolExists.cxx.o
/usr/bin/c++   -I/usr/include/qt4   -o CMakeFiles/cmTC_f4639.dir/CheckSymbolExists.cxx.o -c /home/pergunta/Desktop/PEI/humans/build/CMakeFiles/CMakeTmp/CheckSymbolExists.cxx
/home/pergunta/Desktop/PEI/humans/build/CMakeFiles/CMakeTmp/CheckSymbolExists.cxx: In function ‘int main(int, char**)’:
/home/pergunta/Desktop/PEI/humans/build/CMakeFiles/CMakeTmp/CheckSymbolExists.cxx:8:19: error: ‘Q_WS_QWS’ was not declared in this scope
   return ((int*)(&Q_WS_QWS))[argc];
                   ^~~~~~~~
/home/pergunta/Desktop/PEI/humans/build/CMakeFiles/CMakeTmp/CheckSymbolExists.cxx:8:19: note: suggested alternative: ‘Q_WS_X11’
   return ((int*)(&Q_WS_QWS))[argc];
                   ^~~~~~~~
                   Q_WS_X11
CMakeFiles/cmTC_f4639.dir/build.make:65: recipe for target 'CMakeFiles/cmTC_f4639.dir/CheckSymbolExists.cxx.o' failed
make[1]: *** [CMakeFiles/cmTC_f4639.dir/CheckSymbolExists.cxx.o] Error 1
make[1]: Leaving directory '/home/pergunta/Desktop/PEI/humans/build/CMakeFiles/CMakeTmp'
Makefile:126: recipe for target 'cmTC_f4639/fast' failed
make: *** [cmTC_f4639/fast] Error 2

File /home/pergunta/Desktop/PEI/humans/build/CMakeFiles/CMakeTmp/CheckSymbolExists.cxx:
/* */
#include <QtCore/qglobal.h>

int main(int argc, char** argv)
{
  (void)argv;
#ifndef Q_WS_QWS
  return ((int*)(&Q_WS_QWS))[argc];
#else
  (void)argc;
  return 0;
#endif
}

Determining if the Q_WS_MAC exist failed with the following output:
Change Dir: /home/pergunta/Desktop/PEI/humans/build/CMakeFiles/CMakeTmp

Run Build Command:"/usr/bin/make" "cmTC_70ff0/fast"
/usr/bin/make -f CMakeFiles/cmTC_70ff0.dir/build.make CMakeFiles/cmTC_70ff0.dir/build
make[1]: Entering directory '/home/pergunta/Desktop/PEI/humans/build/CMakeFiles/CMakeTmp'
Building CXX object CMakeFiles/cmTC_70ff0.dir/CheckSymbolExists.cxx.o
/usr/bin/c++   -I/usr/include/qt4   -o CMakeFiles/cmTC_70ff0.dir/CheckSymbolExists.cxx.o -c /home/pergunta/Desktop/PEI/humans/build/CMakeFiles/CMakeTmp/CheckSymbolExists.cxx
/home/pergunta/Desktop/PEI/humans/build/CMakeFiles/CMakeTmp/CheckSymbolExists.cxx: In function ‘int main(int, char**)’:
/home/pergunta/Desktop/PEI/humans/build/CMakeFiles/CMakeTmp/CheckSymbolExists.cxx:8:19: error: ‘Q_WS_MAC’ was not declared in this scope
   return ((int*)(&Q_WS_MAC))[argc];
                   ^~~~~~~~
/home/pergunta/Desktop/PEI/humans/build/CMakeFiles/CMakeTmp/CheckSymbolExists.cxx:8:19: note: suggested alternative: ‘Q_WS_X11’
   return ((int*)(&Q_WS_MAC))[argc];
                   ^~~~~~~~
                   Q_WS_X11
CMakeFiles/cmTC_70ff0.dir/build.make:65: recipe for target 'CMakeFiles/cmTC_70ff0.dir/CheckSymbolExists.cxx.o' failed
make[1]: *** [CMakeFiles/cmTC_70ff0.dir/CheckSymbolExists.cxx.o] Error 1
make[1]: Leaving directory '/home/pergunta/Desktop/PEI/humans/build/CMakeFiles/CMakeTmp'
Makefile:126: recipe for target 'cmTC_70ff0/fast' failed
make: *** [cmTC_70ff0/fast] Error 2

File /home/pergunta/Desktop/PEI/humans/build/CMakeFiles/CMakeTmp/CheckSymbolExists.cxx:
/* */
#include <QtCore/qglobal.h>

int main(int argc, char** argv)
{
  (void)argv;
#ifndef Q_WS_MAC
  return ((int*)(&Q_WS_MAC))[argc];
#else
  (void)argc;
  return 0;
#endif
}

Determining if the pthread_create exist failed with the following output:
Change Dir: /home/gjmarques/Documents/pei-2018-2019-g10/humans/build/CMakeFiles/CMakeTmp

Run Build Command:"/usr/bin/make" "cmTC_66f72/fast"
/usr/bin/make -f CMakeFiles/cmTC_66f72.dir/build.make CMakeFiles/cmTC_66f72.dir/build
make[1]: Entering directory '/home/gjmarques/Documents/pei-2018-2019-g10/humans/build/CMakeFiles/CMakeTmp'
Building C object CMakeFiles/cmTC_66f72.dir/CheckSymbolExists.c.o
/usr/bin/cc    -o CMakeFiles/cmTC_66f72.dir/CheckSymbolExists.c.o   -c /home/gjmarques/Documents/pei-2018-2019-g10/humans/build/CMakeFiles/CMakeTmp/CheckSymbolExists.c
Linking C executable cmTC_66f72
/usr/bin/cmake -E cmake_link_script CMakeFiles/cmTC_66f72.dir/link.txt --verbose=1
/usr/bin/cc      -rdynamic CMakeFiles/cmTC_66f72.dir/CheckSymbolExists.c.o  -o cmTC_66f72 
CMakeFiles/cmTC_66f72.dir/CheckSymbolExists.c.o: In function `main':
CheckSymbolExists.c:(.text+0x1b): undefined reference to `pthread_create'
collect2: error: ld returned 1 exit status
CMakeFiles/cmTC_66f72.dir/build.make:97: recipe for target 'cmTC_66f72' failed
make[1]: *** [cmTC_66f72] Error 1
make[1]: Leaving directory '/home/gjmarques/Documents/pei-2018-2019-g10/humans/build/CMakeFiles/CMakeTmp'
Makefile:126: recipe for target 'cmTC_66f72/fast' failed
make: *** [cmTC_66f72/fast] Error 2

File /home/gjmarques/Documents/pei-2018-2019-g10/humans/build/CMakeFiles/CMakeTmp/CheckSymbolExists.c:
/* */
#include <pthread.h>

int main(int argc, char** argv)
{
  (void)argv;
#ifndef pthread_create
  return ((int*)(&pthread_create))[argc];
#else
  (void)argc;
  return 0;
#endif
}

Determining if the function pthread_create exists in the pthreads failed with the following output:
Change Dir: /home/gjmarques/Documents/pei-2018-2019-g10/humans/build/CMakeFiles/CMakeTmp

Run Build Command:"/usr/bin/make" "cmTC_bcbe7/fast"
/usr/bin/make -f CMakeFiles/cmTC_bcbe7.dir/build.make CMakeFiles/cmTC_bcbe7.dir/build
make[1]: Entering directory '/home/gjmarques/Documents/pei-2018-2019-g10/humans/build/CMakeFiles/CMakeTmp'
Building C object CMakeFiles/cmTC_bcbe7.dir/CheckFunctionExists.c.o
/usr/bin/cc   -DCHECK_FUNCTION_EXISTS=pthread_create   -o CMakeFiles/cmTC_bcbe7.dir/CheckFunctionExists.c.o   -c /usr/share/cmake-3.10/Modules/CheckFunctionExists.c
Linking C executable cmTC_bcbe7
/usr/bin/cmake -E cmake_link_script CMakeFiles/cmTC_bcbe7.dir/link.txt --verbose=1
/usr/bin/cc  -DCHECK_FUNCTION_EXISTS=pthread_create    -rdynamic CMakeFiles/cmTC_bcbe7.dir/CheckFunctionExists.c.o  -o cmTC_bcbe7 -lpthreads 
/usr/bin/ld: cannot find -lpthreads
collect2: error: ld returned 1 exit status
CMakeFiles/cmTC_bcbe7.dir/build.make:97: recipe for target 'cmTC_bcbe7' failed
make[1]: *** [cmTC_bcbe7] Error 1
make[1]: Leaving directory '/home/gjmarques/Documents/pei-2018-2019-g10/humans/build/CMakeFiles/CMakeTmp'
Makefile:126: recipe for target 'cmTC_bcbe7/fast' failed
make: *** [cmTC_bcbe7/fast] Error 2


Determining if the Q_WS_WIN exist failed with the following output:
Change Dir: /home/gjmarques/Documents/pei-2018-2019-g10/humans/build/CMakeFiles/CMakeTmp

Run Build Command:"/usr/bin/make" "cmTC_12551/fast"
/usr/bin/make -f CMakeFiles/cmTC_12551.dir/build.make CMakeFiles/cmTC_12551.dir/build
make[1]: Entering directory '/home/gjmarques/Documents/pei-2018-2019-g10/humans/build/CMakeFiles/CMakeTmp'
Building CXX object CMakeFiles/cmTC_12551.dir/CheckSymbolExists.cxx.o
/usr/bin/c++   -I/usr/include/qt4   -o CMakeFiles/cmTC_12551.dir/CheckSymbolExists.cxx.o -c /home/gjmarques/Documents/pei-2018-2019-g10/humans/build/CMakeFiles/CMakeTmp/CheckSymbolExists.cxx
/home/gjmarques/Documents/pei-2018-2019-g10/humans/build/CMakeFiles/CMakeTmp/CheckSymbolExists.cxx: In function ‘int main(int, char**)’:
/home/gjmarques/Documents/pei-2018-2019-g10/humans/build/CMakeFiles/CMakeTmp/CheckSymbolExists.cxx:8:19: error: ‘Q_WS_WIN’ was not declared in this scope
   return ((int*)(&Q_WS_WIN))[argc];
                   ^~~~~~~~
/home/gjmarques/Documents/pei-2018-2019-g10/humans/build/CMakeFiles/CMakeTmp/CheckSymbolExists.cxx:8:19: note: suggested alternative: ‘Q_WS_X11’
   return ((int*)(&Q_WS_WIN))[argc];
                   ^~~~~~~~
                   Q_WS_X11
CMakeFiles/cmTC_12551.dir/build.make:65: recipe for target 'CMakeFiles/cmTC_12551.dir/CheckSymbolExists.cxx.o' failed
make[1]: *** [CMakeFiles/cmTC_12551.dir/CheckSymbolExists.cxx.o] Error 1
make[1]: Leaving directory '/home/gjmarques/Documents/pei-2018-2019-g10/humans/build/CMakeFiles/CMakeTmp'
Makefile:126: recipe for target 'cmTC_12551/fast' failed
make: *** [cmTC_12551/fast] Error 2

File /home/gjmarques/Documents/pei-2018-2019-g10/humans/build/CMakeFiles/CMakeTmp/CheckSymbolExists.cxx:
/* */
#include <QtCore/qglobal.h>

int main(int argc, char** argv)
{
  (void)argv;
#ifndef Q_WS_WIN
  return ((int*)(&Q_WS_WIN))[argc];
#else
  (void)argc;
  return 0;
#endif
}

Determining if the Q_WS_QWS exist failed with the following output:
Change Dir: /home/gjmarques/Documents/pei-2018-2019-g10/humans/build/CMakeFiles/CMakeTmp

Run Build Command:"/usr/bin/make" "cmTC_7cf3a/fast"
/usr/bin/make -f CMakeFiles/cmTC_7cf3a.dir/build.make CMakeFiles/cmTC_7cf3a.dir/build
make[1]: Entering directory '/home/gjmarques/Documents/pei-2018-2019-g10/humans/build/CMakeFiles/CMakeTmp'
Building CXX object CMakeFiles/cmTC_7cf3a.dir/CheckSymbolExists.cxx.o
/usr/bin/c++   -I/usr/include/qt4   -o CMakeFiles/cmTC_7cf3a.dir/CheckSymbolExists.cxx.o -c /home/gjmarques/Documents/pei-2018-2019-g10/humans/build/CMakeFiles/CMakeTmp/CheckSymbolExists.cxx
/home/gjmarques/Documents/pei-2018-2019-g10/humans/build/CMakeFiles/CMakeTmp/CheckSymbolExists.cxx: In function ‘int main(int, char**)’:
/home/gjmarques/Documents/pei-2018-2019-g10/humans/build/CMakeFiles/CMakeTmp/CheckSymbolExists.cxx:8:19: error: ‘Q_WS_QWS’ was not declared in this scope
   return ((int*)(&Q_WS_QWS))[argc];
                   ^~~~~~~~
/home/gjmarques/Documents/pei-2018-2019-g10/humans/build/CMakeFiles/CMakeTmp/CheckSymbolExists.cxx:8:19: note: suggested alternative: ‘Q_WS_X11’
   return ((int*)(&Q_WS_QWS))[argc];
                   ^~~~~~~~
                   Q_WS_X11
CMakeFiles/cmTC_7cf3a.dir/build.make:65: recipe for target 'CMakeFiles/cmTC_7cf3a.dir/CheckSymbolExists.cxx.o' failed
make[1]: *** [CMakeFiles/cmTC_7cf3a.dir/CheckSymbolExists.cxx.o] Error 1
make[1]: Leaving directory '/home/gjmarques/Documents/pei-2018-2019-g10/humans/build/CMakeFiles/CMakeTmp'
Makefile:126: recipe for target 'cmTC_7cf3a/fast' failed
make: *** [cmTC_7cf3a/fast] Error 2

File /home/gjmarques/Documents/pei-2018-2019-g10/humans/build/CMakeFiles/CMakeTmp/CheckSymbolExists.cxx:
/* */
#include <QtCore/qglobal.h>

int main(int argc, char** argv)
{
  (void)argv;
#ifndef Q_WS_QWS
  return ((int*)(&Q_WS_QWS))[argc];
#else
  (void)argc;
  return 0;
#endif
}

Determining if the Q_WS_MAC exist failed with the following output:
Change Dir: /home/gjmarques/Documents/pei-2018-2019-g10/humans/build/CMakeFiles/CMakeTmp

Run Build Command:"/usr/bin/make" "cmTC_9dc78/fast"
/usr/bin/make -f CMakeFiles/cmTC_9dc78.dir/build.make CMakeFiles/cmTC_9dc78.dir/build
make[1]: Entering directory '/home/gjmarques/Documents/pei-2018-2019-g10/humans/build/CMakeFiles/CMakeTmp'
Building CXX object CMakeFiles/cmTC_9dc78.dir/CheckSymbolExists.cxx.o
/usr/bin/c++   -I/usr/include/qt4   -o CMakeFiles/cmTC_9dc78.dir/CheckSymbolExists.cxx.o -c /home/gjmarques/Documents/pei-2018-2019-g10/humans/build/CMakeFiles/CMakeTmp/CheckSymbolExists.cxx
/home/gjmarques/Documents/pei-2018-2019-g10/humans/build/CMakeFiles/CMakeTmp/CheckSymbolExists.cxx: In function ‘int main(int, char**)’:
/home/gjmarques/Documents/pei-2018-2019-g10/humans/build/CMakeFiles/CMakeTmp/CheckSymbolExists.cxx:8:19: error: ‘Q_WS_MAC’ was not declared in this scope
   return ((int*)(&Q_WS_MAC))[argc];
                   ^~~~~~~~
/home/gjmarques/Documents/pei-2018-2019-g10/humans/build/CMakeFiles/CMakeTmp/CheckSymbolExists.cxx:8:19: note: suggested alternative: ‘Q_WS_X11’
   return ((int*)(&Q_WS_MAC))[argc];
                   ^~~~~~~~
                   Q_WS_X11
CMakeFiles/cmTC_9dc78.dir/build.make:65: recipe for target 'CMakeFiles/cmTC_9dc78.dir/CheckSymbolExists.cxx.o' failed
make[1]: *** [CMakeFiles/cmTC_9dc78.dir/CheckSymbolExists.cxx.o] Error 1
make[1]: Leaving directory '/home/gjmarques/Documents/pei-2018-2019-g10/humans/build/CMakeFiles/CMakeTmp'
Makefile:126: recipe for target 'cmTC_9dc78/fast' failed
make: *** [cmTC_9dc78/fast] Error 2

File /home/gjmarques/Documents/pei-2018-2019-g10/humans/build/CMakeFiles/CMakeTmp/CheckSymbolExists.cxx:
/* */
#include <QtCore/qglobal.h>

int main(int argc, char** argv)
{
  (void)argv;
#ifndef Q_WS_MAC
  return ((int*)(&Q_WS_MAC))[argc];
#else
  (void)argc;
  return 0;
#endif
}

